[31m2025-01-21 00:28:04 [ERROR]: Error adding product[39m
[31m2025-01-21 00:29:30 [ERROR]: Error adding product[39m
[31m2025-01-21 00:30:02 [ERROR]: Error adding product[39m
[31m2025-01-21 01:22:27 [ERROR]: Error fetching products: [tags].split is not a function[39m
[31m2025-01-21 10:06:13 [ERROR]: Error deleting product: 678f6f52572a8d3e14c60ce6[39m
[31m2025-01-21 10:07:35 [ERROR]: Error deleting product: 678f6f64572a8d3e14c60ce8[39m
[31m2025-01-21 10:08:00 [ERROR]: Error deleting product: 678f6f64572a8d3e14c60ce8[39m
[31m2025-01-21 10:28:47 [ERROR]: Error updating product: 678f7248572a8d3e14c60cf4[39m
[31m2025-01-21 20:22:42 [ERROR]: Error adding product[39m
[31m2025-01-21 20:38:49 [ERROR]: Error adding product[39m
[31m2025-01-21 20:40:10 [ERROR]: Error adding product[39m
[31m2025-01-21 20:40:39 [ERROR]: Error adding product[39m
[31m2025-01-21 20:43:00 [ERROR]: Error adding product[39m
[31m2025-01-21 23:28:14 [ERROR]: Error adding product[39m
[31m2025-01-22 01:48:46 [ERROR]: Error fetching products: Invalid regular expression: /["iphone 14 pro max"/i: Unterminated character class[39m
[31m2025-01-22 01:48:47 [ERROR]: Error fetching products: Invalid regular expression: /["iphone 14 pro max"/i: Unterminated character class[39m
[31m2025-01-22 01:49:00 [ERROR]: Error fetching products: Invalid regular expression: /["iphone 14 pro max"/i: Unterminated character class[39m
[31m2025-01-22 01:49:54 [ERROR]: Error fetching products: Invalid regular expression: /["iphone 14 pro max"/i: Unterminated character class[39m
[31m2025-01-22 01:49:56 [ERROR]: Error fetching products: Invalid regular expression: /["iphone 14 pro max"/i: Unterminated character class[39m
[31m2025-01-22 01:50:02 [ERROR]: Error fetching products: Invalid regular expression: /["iphone 14 pro max"/i: Unterminated character class[39m
[31m2025-01-22 01:50:27 [ERROR]: Error fetching products: Invalid regular expression: /["iphone 14 pro max"/i: Unterminated character class[39m
[31m2025-01-22 01:51:59 [ERROR]: Error fetching products: Invalid regular expression: /["iphone 14 pro max"/i: Unterminated character class[39m
[31m2025-01-22 01:52:04 [ERROR]: Error fetching products: Invalid regular expression: /["iphone 14 pro max"/i: Unterminated character class[39m
[31m2025-01-22 01:53:44 [ERROR]: Error fetching products: Invalid regular expression: /["iphone 14 pro max"/i: Unterminated character class[39m
[31m2025-01-22 01:53:45 [ERROR]: Error fetching products: Invalid regular expression: /["iphone 14 pro max"/i: Unterminated character class[39m
[31m2025-01-22 01:53:47 [ERROR]: Error fetching products: Invalid regular expression: /["iphone 14 pro max"/i: Unterminated character class[39m
[31m2025-01-22 01:53:50 [ERROR]: Error fetching products: Invalid regular expression: /["iphone 14 pro max"/i: Unterminated character class[39m
[31m2025-01-22 01:53:51 [ERROR]: Error fetching products: Invalid regular expression: /["iphone 14 pro max"/i: Unterminated character class[39m
[31m2025-01-22 01:57:13 [ERROR]: Error fetching products: Regular expression is invalid: missing terminating ] for character class[39m
[31m2025-01-22 01:58:51 [ERROR]: Error fetching products: Regular expression is invalid: missing terminating ] for character class[39m
[31m2025-01-22 01:58:59 [ERROR]: Error fetching products: Regular expression is invalid: missing terminating ] for character class[39m
[31m2025-01-22 01:59:00 [ERROR]: Error fetching products: Regular expression is invalid: missing terminating ] for character class[39m
[31m2025-01-22 01:59:03 [ERROR]: Error fetching products: Regular expression is invalid: missing terminating ] for character class[39m
[31m2025-01-22 01:59:12 [ERROR]: Error fetching products: Regular expression is invalid: missing terminating ] for character class[39m
[31m2025-01-22 01:59:14 [ERROR]: Error fetching products: Regular expression is invalid: missing terminating ] for character class[39m
[31m2025-01-22 01:59:16 [ERROR]: Error fetching products: Regular expression is invalid: missing terminating ] for character class[39m
[31m2025-01-22 19:39:04 [ERROR]: Error fetching product: gundam-rx-78-2-custom-iphone-case-iconic-mobile-suit-design[39m
[31m2025-01-22 19:39:06 [ERROR]: Error fetching product: gundam-rx-78-2-custom-iphone-case-iconic-mobile-suit-design[39m
[31m2025-01-22 19:39:08 [ERROR]: Error fetching product: gundam-rx-78-2-custom-iphone-case-iconic-mobile-suit-design[39m
[31m2025-01-22 19:39:13 [ERROR]: Error fetching product: gundam-rx-78-2-custom-iphone-case-iconic-mobile-suit-design[39m
[31m2025-01-22 19:39:34 [ERROR]: Error fetching product: gundam-rx-78-2-custom-iphone-case-iconic-mobile-suit-design[39m
[31m2025-01-22 19:40:57 [ERROR]: Error fetching product: gundam-rx-78-2-custom-iphone-case-iconic-mobile-suit-design[39m
[31m2025-01-22 19:40:59 [ERROR]: Error fetching product: gundam-rx-78-2-custom-iphone-case-iconic-mobile-suit-design[39m
[31m2025-01-22 19:41:02 [ERROR]: Error fetching product: gundam-rx-78-2-custom-iphone-case-iconic-mobile-suit-design[39m
[31m2025-01-22 19:41:07 [ERROR]: Error fetching product: gundam-rx-78-2-custom-iphone-case-iconic-mobile-suit-design[39m
[31m2025-01-22 19:42:30 [ERROR]: Error fetching product: gundam-rx-78-2-custom-iphone-case-iconic-mobile-suit-design[39m
